\BOOKMARK [1][-]{section.1}{\376\377\004\042\004\065\004\076\004\100\004\070\004\117\000\040\004\070\000\040\004\063\004\070\004\077\004\076\004\102\004\065\004\067\004\113}{}% 1
\BOOKMARK [2][-]{subsection.1.1}{}{section.1}% 2
\BOOKMARK [2][-]{subsection.1.2}{}{section.1}% 3
\BOOKMARK [2][-]{subsection.1.3}{}{section.1}% 4
\BOOKMARK [2][-]{subsection.1.4}{}{section.1}% 5
\BOOKMARK [1][-]{section.2}{\376\377\004\036\004\061\004\100\004\060\004\061\004\076\004\102\004\072\004\060\000\040\004\064\004\060\004\075\004\075\004\113\004\105}{}% 6
\BOOKMARK [1][-]{section.3}{\376\377\004\042\004\076\004\061\004\070\004\102\000-\004\074\004\076\004\064\004\065\004\073\004\114}{}% 7
\BOOKMARK [2][-]{subsection.3.1}{}{section.3}% 8
\BOOKMARK [2][-]{subsection.3.2}{}{section.3}% 9
\BOOKMARK [2][-]{subsection.3.3}{}{section.3}% 10
\BOOKMARK [2][-]{subsection.3.4}{}{section.3}% 11
\BOOKMARK [2][-]{subsection.3.5}{}{section.3}% 12
\BOOKMARK [2][-]{subsection.3.6}{}{section.3}% 13
\BOOKMARK [2][-]{subsection.3.7}{}{section.3}% 14
\BOOKMARK [2][-]{subsection.3.8}{}{section.3}% 15
\BOOKMARK [1][-]{section.4}{}{}% 16
\BOOKMARK [2][-]{subsection.4.1}{}{section.4}% 17
\BOOKMARK [2][-]{subsection.4.2}{}{section.4}% 18
\BOOKMARK [2][-]{subsection.4.3}{}{section.4}% 19
\BOOKMARK [2][-]{subsection.4.4}{}{section.4}% 20
\BOOKMARK [1][-]{section.5}{}{}% 21
\BOOKMARK [2][-]{subsection.5.1}{}{section.5}% 22
\BOOKMARK [2][-]{subsection.5.2}{}{section.5}% 23
\BOOKMARK [2][-]{subsection.5.3}{}{section.5}% 24
\BOOKMARK [2][-]{subsection.5.4}{}{section.5}% 25
