\BOOKMARK [1][-]{section.1}{\376\377\004\047\004\060\004\101\004\102\004\114\000\040\0001\000.\000\040\004\042\004\065\004\076\004\100\004\070\004\117\000\040\004\070\000\040\004\063\004\070\004\077\004\076\004\102\004\065\004\067\004\113\000.}{}% 1
\BOOKMARK [1][-]{section.2}{\376\377\004\047\004\060\004\101\004\102\004\114\000\040\0002\000.\000\040\004\036\004\061\004\100\004\060\004\061\004\076\004\102\004\072\004\060\000\040\004\064\004\060\004\075\004\075\004\113\004\105}{}% 2
\BOOKMARK [2][-]{subsection.2.1}{}{section.2}% 3
\BOOKMARK [2][-]{subsection.2.2}{}{section.2}% 4
\BOOKMARK [2][-]{subsection.2.3}{}{section.2}% 5
\BOOKMARK [2][-]{subsection.2.4}{}{section.2}% 6
\BOOKMARK [1][-]{section.3}{}{}% 7
\BOOKMARK [2][-]{subsection.3.1}{}{section.3}% 8
\BOOKMARK [2][-]{subsection.3.2}{}{section.3}% 9
\BOOKMARK [2][-]{subsection.3.3}{}{section.3}% 10
\BOOKMARK [2][-]{subsection.3.4}{}{section.3}% 11
\BOOKMARK [2][-]{subsection.3.5}{}{section.3}% 12
\BOOKMARK [2][-]{subsection.3.6}{}{section.3}% 13
\BOOKMARK [2][-]{subsection.3.7}{}{section.3}% 14
\BOOKMARK [2][-]{subsection.3.8}{}{section.3}% 15
\BOOKMARK [2][-]{subsection.3.9}{}{section.3}% 16
\BOOKMARK [2][-]{subsection.3.10}{}{section.3}% 17
\BOOKMARK [1][-]{section.4}{}{}% 18
\BOOKMARK [2][-]{subsection.4.1}{}{section.4}% 19
\BOOKMARK [2][-]{subsection.4.2}{}{section.4}% 20
\BOOKMARK [2][-]{subsection.4.3}{}{section.4}% 21
\BOOKMARK [2][-]{subsection.4.4}{}{section.4}% 22
\BOOKMARK [2][-]{subsection.4.5}{}{section.4}% 23
\BOOKMARK [2][-]{subsection.4.6}{}{section.4}% 24
\BOOKMARK [2][-]{subsection.4.7}{}{section.4}% 25
\BOOKMARK [2][-]{subsection.4.8}{}{section.4}% 26
\BOOKMARK [2][-]{subsection.4.9}{}{section.4}% 27
\BOOKMARK [1][-]{section.5}{}{}% 28
\BOOKMARK [2][-]{subsection.5.1}{}{section.5}% 29
\BOOKMARK [2][-]{subsection.5.2}{}{section.5}% 30
\BOOKMARK [3][-]{subsubsection.5.2.1}{\376\377\000L\000R\000-\004\102\004\065\004\101\004\102}{subsection.5.2}% 31
\BOOKMARK [3][-]{subsubsection.5.2.2}{\376\377\000L\000M\000-\004\102\004\065\004\101\004\102}{subsection.5.2}% 32
\BOOKMARK [2][-]{subsection.5.3}{}{section.5}% 33
\BOOKMARK [2][-]{subsection.5.4}{}{section.5}% 34
\BOOKMARK [2][-]{subsection.5.5}{}{section.5}% 35
\BOOKMARK [2][-]{subsection.5.6}{}{section.5}% 36
\BOOKMARK [2][-]{subsection.5.7}{}{section.5}% 37
\BOOKMARK [2][-]{subsection.5.8}{}{section.5}% 38
\BOOKMARK [1][-]{section.6}{}{}% 39
\BOOKMARK [2][-]{subsection.6.1}{}{section.6}% 40
\BOOKMARK [2][-]{subsection.6.2}{}{section.6}% 41
\BOOKMARK [1][-]{section.7}{}{}% 42
\BOOKMARK [2][-]{subsection.7.1}{}{section.7}% 43
\BOOKMARK [2][-]{subsection.7.2}{}{section.7}% 44
\BOOKMARK [1][-]{section.8}{}{}% 45
\BOOKMARK [2][-]{subsection.8.1}{}{section.8}% 46
\BOOKMARK [2][-]{subsection.8.2}{}{section.8}% 47
\BOOKMARK [2][-]{subsection.8.3}{}{section.8}% 48
\BOOKMARK [2][-]{subsection.8.4}{}{section.8}% 49
